生成启动时间为 2018/6/17 12:53:41。
     1>项目“C:\Users\kloop\Documents\Doc_YuLu\Code_LuYu\20180609DIC\ImageR\ImageR\ImageR.vcxproj”在节点 2 上(rebuild 个目标)。
     1>_PrepareForClean:
         正在删除文件“Debug\ImageR.lastbuildstate”。
       InitializeBuildStatus:
         正在对“Debug\ImageR.unsuccessfulbuild”执行 Touch 任务。
       ClCompile:
         C:\Program Files (x86)\Microsoft Visual Studio 10.0\VC\bin\CL.exe /c /ZI /nologo /W3 /WX- /Od /Oy- /D WIN32 /D _DEBUG /D _CONSOLE /D _WINDLL /D _UNICODE /D UNICODE /Gm /EHsc /RTC1 /MDd /GS /fp:precise /Zc:wchar_t /Zc:forScope /Fo"Debug\\" /Fd"Debug\vc100.pdb" /Gd /TP /analyze- /errorReport:prompt ImageR.cpp stdafx.cpp
         stdafx.cpp
         ImageR.cpp
     1>c:\opencv\opencv2.4.9\build\include\opencv2\flann\logger.h(66): warning C4996: 'fopen': This function or variable may be unsafe. Consider using fopen_s instead. To disable deprecation, use _CRT_SECURE_NO_WARNINGS. See online help for details.
                 c:\program files (x86)\microsoft visual studio 10.0\vc\include\stdio.h(234) : 参见“fopen”的声明
         正在生成代码...
       ManifestResourceCompile:
         C:\Program Files (x86)\Microsoft SDKs\Windows\v7.0A\bin\rc.exe /nologo /fo"Debug\ImageR.dll.embed.manifest.res" Debug\ImageR_manifest.rc 
       Link:
         C:\Program Files (x86)\Microsoft Visual Studio 10.0\VC\bin\link.exe /ERRORREPORT:PROMPT /OUT:"C:\Users\kloop\Documents\Doc_YuLu\Code_LuYu\20180609DIC\MyDIC\Debug\ImageR.dll" /INCREMENTAL /NOLOGO opencv_calib3d249d.lib opencv_contrib249d.lib opencv_core249d.lib opencv_features2d249d.lib opencv_flann249d.lib opencv_gpu249d.lib opencv_highgui249d.lib opencv_imgproc249d.lib opencv_legacy249d.lib opencv_ml249d.lib opencv_nonfree249d.lib opencv_objdetect249d.lib opencv_photo249d.lib opencv_stitching249d.lib opencv_ts249d.lib opencv_video249d.lib opencv_videostab249d.lib opencv_calib3d249.lib opencv_contrib249.lib opencv_core249.lib opencv_features2d249.lib opencv_flann249.lib opencv_gpu249.lib opencv_highgui249.lib opencv_imgproc249.lib opencv_legacy249.lib opencv_ml249.lib opencv_nonfree249.lib opencv_objdetect249.lib opencv_photo249.lib opencv_stitching249.lib opencv_ts249.lib opencv_video249.lib opencv_videostab249.lib kernel32.lib user32.lib gdi32.lib winspool.lib comdlg32.lib advapi32.lib shell32.lib ole32.lib oleaut32.lib uuid.lib odbc32.lib odbccp32.lib /MANIFEST /ManifestFile:"Debug\ImageR.dll.intermediate.manifest" /MANIFESTUAC:"level='asInvoker' uiAccess='false'" /DEBUG /PDB:"C:\Users\kloop\Documents\Doc_YuLu\Code_LuYu\20180609DIC\MyDIC\Debug\ImageR.pdb" /SUBSYSTEM:CONSOLE /TLBID:1 /DYNAMICBASE /NXCOMPAT /IMPLIB:"C:\Users\kloop\Documents\Doc_YuLu\Code_LuYu\20180609DIC\MyDIC\Debug\ImageR.lib" /MACHINE:X86 /DLL Debug\ImageR.dll.embed.manifest.res
         Debug\ImageR.obj
         Debug\stdafx.obj
            正在创建库 C:\Users\kloop\Documents\Doc_YuLu\Code_LuYu\20180609DIC\MyDIC\Debug\ImageR.lib 和对象 C:\Users\kloop\Documents\Doc_YuLu\Code_LuYu\20180609DIC\MyDIC\Debug\ImageR.exp
     1>ImageR.obj : error LNK2019: 无法解析的外部符号 "void __cdecl cv::fastFree(void *)" (?fastFree@cv@@YAXPAX@Z)，该符号在函数 "public: __thiscall cv::Mat::~Mat(void)" (??1Mat@cv@@QAE@XZ) 中被引用
     1>ImageR.obj : error LNK2019: 无法解析的外部符号 "public: void __thiscall cv::Mat::deallocate(void)" (?deallocate@Mat@cv@@QAEXXZ)，该符号在函数 "public: void __thiscall cv::Mat::release(void)" (?release@Mat@cv@@QAEXXZ) 中被引用
     1>ImageR.obj : error LNK2019: 无法解析的外部符号 "int __cdecl cv::_interlockedExchangeAdd(int *,int)" (?_interlockedExchangeAdd@cv@@YAHPAHH@Z)，该符号在函数 "public: void __thiscall cv::Mat::release(void)" (?release@Mat@cv@@QAEXXZ) 中被引用
     1>C:\Users\kloop\Documents\Doc_YuLu\Code_LuYu\20180609DIC\MyDIC\Debug\ImageR.dll : fatal error LNK1120: 3 个无法解析的外部命令
     1>已完成生成项目“C:\Users\kloop\Documents\Doc_YuLu\Code_LuYu\20180609DIC\ImageR\ImageR\ImageR.vcxproj”(rebuild 个目标)的操作 - 失败。

生成失败。

已用时间 00:00:01.56
